  Source.c
C:\Users\amitl\source\repos\Minsweeper1\Minsweeper1\Source.c(37,20): warning C4133: 'function': incompatible types - from 'char [22][22]' to 'int (*)[22]'
C:\Users\amitl\source\repos\Minsweeper1\Minsweeper1\Source.c(37,26): warning C4133: 'function': incompatible types - from 'char [22][22]' to 'int (*)[22]'
C:\Users\amitl\source\repos\Minsweeper1\Minsweeper1\Source.c(49,12): warning C4133: 'function': incompatible types - from 'int (*)[22]' to 'char (*)[22]'
C:\Users\amitl\source\repos\Minsweeper1\Minsweeper1\Source.c(50,17): warning C4133: 'function': incompatible types - from 'int (*)[22]' to 'char (*)[22]'
C:\Users\amitl\source\repos\Minsweeper1\Minsweeper1\Source.c(51,17): warning C4133: 'function': incompatible types - from 'int (*)[22]' to 'char (*)[22]'
C:\Users\amitl\source\repos\Minsweeper1\Minsweeper1\Source.c(57,26): warning C4133: 'function': incompatible types - from 'int (*)[22]' to 'char (*)[22]'
C:\Users\amitl\source\repos\Minsweeper1\Minsweeper1\Source.c(62,19): warning C4133: 'function': incompatible types - from 'int (*)[22]' to 'char (*)[22]'
C:\Users\amitl\source\repos\Minsweeper1\Minsweeper1\Source.c(62,25): warning C4133: 'function': incompatible types - from 'int (*)[22]' to 'char (*)[22]'
C:\Users\amitl\source\repos\Minsweeper1\Minsweeper1\Source.c(64,16): warning C4133: 'function': incompatible types - from 'int (*)[22]' to 'char (*)[22]'
C:\Users\amitl\source\repos\Minsweeper1\Minsweeper1\Source.c(66,18): warning C4133: 'function': incompatible types - from 'int (*)[22]' to 'char (*)[22]'
C:\Users\amitl\source\repos\Minsweeper1\Minsweeper1\Source.c(71,18): warning C4133: 'function': incompatible types - from 'int (*)[22]' to 'char (*)[22]'
C:\Users\amitl\source\repos\Minsweeper1\Minsweeper1\Source.c(82,12): warning C4133: 'function': incompatible types - from 'int (*)[22]' to 'char (*)[22]'
C:\Users\amitl\source\repos\Minsweeper1\Minsweeper1\Source.c(83,17): warning C4133: 'function': incompatible types - from 'int (*)[22]' to 'char (*)[22]'
C:\Users\amitl\source\repos\Minsweeper1\Minsweeper1\Source.c(84,17): warning C4133: 'function': incompatible types - from 'int (*)[22]' to 'char (*)[22]'
C:\Users\amitl\source\repos\Minsweeper1\Minsweeper1\Source.c(90,26): warning C4133: 'function': incompatible types - from 'int (*)[22]' to 'char (*)[22]'
C:\Users\amitl\source\repos\Minsweeper1\Minsweeper1\Source.c(95,19): warning C4133: 'function': incompatible types - from 'int (*)[22]' to 'char (*)[22]'
C:\Users\amitl\source\repos\Minsweeper1\Minsweeper1\Source.c(95,25): warning C4133: 'function': incompatible types - from 'int (*)[22]' to 'char (*)[22]'
C:\Users\amitl\source\repos\Minsweeper1\Minsweeper1\Source.c(97,16): warning C4133: 'function': incompatible types - from 'int (*)[22]' to 'char (*)[22]'
C:\Users\amitl\source\repos\Minsweeper1\Minsweeper1\Source.c(99,18): warning C4133: 'function': incompatible types - from 'int (*)[22]' to 'char (*)[22]'
C:\Users\amitl\source\repos\Minsweeper1\Minsweeper1\Source.c(104,18): warning C4133: 'function': incompatible types - from 'int (*)[22]' to 'char (*)[22]'
C:\Users\amitl\source\repos\Minsweeper1\Minsweeper1\Source.c(175,18): warning C4244: 'function': conversion from 'time_t' to 'unsigned int', possible loss of data
C:\Users\amitl\source\repos\Minsweeper1\Minsweeper1\Source.c(178,1): warning C4244: 'initializing': conversion from 'double' to 'int', possible loss of data
C:\Users\amitl\source\repos\Minsweeper1\Minsweeper1\Source.c(206,9): warning C4101: 'j': unreferenced local variable
C:\Users\amitl\source\repos\Minsweeper1\Minsweeper1\Source.c(206,6): warning C4101: 'i': unreferenced local variable
  Minsweeper1.vcxproj -> C:\Users\amitl\source\repos\Minsweeper1\Debug\Minsweeper1.exe
